<?xml version="1.0" encoding="UTF-8"?>
<testsuite xmlns:xsi="http://www.w3.org/2001/XMLSchema-instance" xsi:noNamespaceSchemaLocation="https://maven.apache.org/surefire/maven-surefire-plugin/xsd/surefire-test-report.xsd" version="3.0.2" name="com.hospital.insurance.service.InsuranceClaimServiceTest" time="0.194" tests="9" errors="0" skipped="0" failures="0">
  <properties>
    <property name="java.specification.version" value="17"/>
    <property name="sun.jnu.encoding" value="UTF-8"/>
    <property name="java.class.path" value="/Users/bhumikaagarwal/Personal/Workspace/PatientManagementSystem/hospital-management-system/insurance-claim-service/target/test-classes:/Users/bhumikaagarwal/Personal/Workspace/PatientManagementSystem/hospital-management-system/insurance-claim-service/target/classes:/Users/bhumikaagarwal/.m2/repository/org/springframework/boot/spring-boot-starter-web/3.4.8/spring-boot-starter-web-3.4.8.jar:/Users/bhumikaagarwal/.m2/repository/org/springframework/boot/spring-boot-starter/3.4.8/spring-boot-starter-3.4.8.jar:/Users/bhumikaagarwal/.m2/repository/org/springframework/boot/spring-boot/3.4.8/spring-boot-3.4.8.jar:/Users/bhumikaagarwal/.m2/repository/org/springframework/boot/spring-boot-autoconfigure/3.4.8/spring-boot-autoconfigure-3.4.8.jar:/Users/bhumikaagarwal/.m2/repository/org/springframework/boot/spring-boot-starter-logging/3.4.8/spring-boot-starter-logging-3.4.8.jar:/Users/bhumikaagarwal/.m2/repository/ch/qos/logback/logback-classic/1.5.18/logback-classic-1.5.18.jar:/Users/bhumikaagarwal/.m2/repository/ch/qos/logback/logback-core/1.5.18/logback-core-1.5.18.jar:/Users/bhumikaagarwal/.m2/repository/org/apache/logging/log4j/log4j-to-slf4j/2.24.3/log4j-to-slf4j-2.24.3.jar:/Users/bhumikaagarwal/.m2/repository/org/apache/logging/log4j/log4j-api/2.24.3/log4j-api-2.24.3.jar:/Users/bhumikaagarwal/.m2/repository/org/slf4j/jul-to-slf4j/2.0.17/jul-to-slf4j-2.0.17.jar:/Users/bhumikaagarwal/.m2/repository/jakarta/annotation/jakarta.annotation-api/2.1.1/jakarta.annotation-api-2.1.1.jar:/Users/bhumikaagarwal/.m2/repository/org/yaml/snakeyaml/2.3/snakeyaml-2.3.jar:/Users/bhumikaagarwal/.m2/repository/org/springframework/boot/spring-boot-starter-json/3.4.8/spring-boot-starter-json-3.4.8.jar:/Users/bhumikaagarwal/.m2/repository/com/fasterxml/jackson/datatype/jackson-datatype-jdk8/2.18.4/jackson-datatype-jdk8-2.18.4.jar:/Users/bhumikaagarwal/.m2/repository/com/fasterxml/jackson/datatype/jackson-datatype-jsr310/2.18.4/jackson-datatype-jsr310-2.18.4.jar:/Users/bhumikaagarwal/.m2/repository/com/fasterxml/jackson/module/jackson-module-parameter-names/2.18.4/jackson-module-parameter-names-2.18.4.jar:/Users/bhumikaagarwal/.m2/repository/org/springframework/boot/spring-boot-starter-tomcat/3.4.8/spring-boot-starter-tomcat-3.4.8.jar:/Users/bhumikaagarwal/.m2/repository/org/apache/tomcat/embed/tomcat-embed-core/10.1.43/tomcat-embed-core-10.1.43.jar:/Users/bhumikaagarwal/.m2/repository/org/apache/tomcat/embed/tomcat-embed-el/10.1.43/tomcat-embed-el-10.1.43.jar:/Users/bhumikaagarwal/.m2/repository/org/apache/tomcat/embed/tomcat-embed-websocket/10.1.43/tomcat-embed-websocket-10.1.43.jar:/Users/bhumikaagarwal/.m2/repository/org/springframework/spring-web/6.2.9/spring-web-6.2.9.jar:/Users/bhumikaagarwal/.m2/repository/org/springframework/spring-beans/6.2.9/spring-beans-6.2.9.jar:/Users/bhumikaagarwal/.m2/repository/io/micrometer/micrometer-observation/1.14.9/micrometer-observation-1.14.9.jar:/Users/bhumikaagarwal/.m2/repository/io/micrometer/micrometer-commons/1.14.9/micrometer-commons-1.14.9.jar:/Users/bhumikaagarwal/.m2/repository/org/springframework/spring-webmvc/6.2.9/spring-webmvc-6.2.9.jar:/Users/bhumikaagarwal/.m2/repository/org/springframework/spring-context/6.2.9/spring-context-6.2.9.jar:/Users/bhumikaagarwal/.m2/repository/org/springframework/spring-expression/6.2.9/spring-expression-6.2.9.jar:/Users/bhumikaagarwal/.m2/repository/org/springframework/boot/spring-boot-starter-data-jpa/3.4.8/spring-boot-starter-data-jpa-3.4.8.jar:/Users/bhumikaagarwal/.m2/repository/org/springframework/boot/spring-boot-starter-jdbc/3.4.8/spring-boot-starter-jdbc-3.4.8.jar:/Users/bhumikaagarwal/.m2/repository/com/zaxxer/HikariCP/5.1.0/HikariCP-5.1.0.jar:/Users/bhumikaagarwal/.m2/repository/org/springframework/spring-jdbc/6.2.9/spring-jdbc-6.2.9.jar:/Users/bhumikaagarwal/.m2/repository/org/hibernate/orm/hibernate-core/6.6.22.Final/hibernate-core-6.6.22.Final.jar:/Users/bhumikaagarwal/.m2/repository/jakarta/persistence/jakarta.persistence-api/3.1.0/jakarta.persistence-api-3.1.0.jar:/Users/bhumikaagarwal/.m2/repository/jakarta/transaction/jakarta.transaction-api/2.0.1/jakarta.transaction-api-2.0.1.jar:/Users/bhumikaagarwal/.m2/repository/org/jboss/logging/jboss-logging/3.6.1.Final/jboss-logging-3.6.1.Final.jar:/Users/bhumikaagarwal/.m2/repository/org/hibernate/common/hibernate-commons-annotations/7.0.3.Final/hibernate-commons-annotations-7.0.3.Final.jar:/Users/bhumikaagarwal/.m2/repository/io/smallrye/jandex/3.2.0/jandex-3.2.0.jar:/Users/bhumikaagarwal/.m2/repository/com/fasterxml/classmate/1.7.0/classmate-1.7.0.jar:/Users/bhumikaagarwal/.m2/repository/net/bytebuddy/byte-buddy/1.15.11/byte-buddy-1.15.11.jar:/Users/bhumikaagarwal/.m2/repository/org/glassfish/jaxb/jaxb-runtime/4.0.5/jaxb-runtime-4.0.5.jar:/Users/bhumikaagarwal/.m2/repository/org/glassfish/jaxb/jaxb-core/4.0.5/jaxb-core-4.0.5.jar:/Users/bhumikaagarwal/.m2/repository/org/eclipse/angus/angus-activation/2.0.2/angus-activation-2.0.2.jar:/Users/bhumikaagarwal/.m2/repository/org/glassfish/jaxb/txw2/4.0.5/txw2-4.0.5.jar:/Users/bhumikaagarwal/.m2/repository/com/sun/istack/istack-commons-runtime/4.1.2/istack-commons-runtime-4.1.2.jar:/Users/bhumikaagarwal/.m2/repository/jakarta/inject/jakarta.inject-api/2.0.1/jakarta.inject-api-2.0.1.jar:/Users/bhumikaagarwal/.m2/repository/org/antlr/antlr4-runtime/4.13.0/antlr4-runtime-4.13.0.jar:/Users/bhumikaagarwal/.m2/repository/org/springframework/data/spring-data-jpa/3.4.8/spring-data-jpa-3.4.8.jar:/Users/bhumikaagarwal/.m2/repository/org/springframework/data/spring-data-commons/3.4.8/spring-data-commons-3.4.8.jar:/Users/bhumikaagarwal/.m2/repository/org/springframework/spring-orm/6.2.9/spring-orm-6.2.9.jar:/Users/bhumikaagarwal/.m2/repository/org/springframework/spring-tx/6.2.9/spring-tx-6.2.9.jar:/Users/bhumikaagarwal/.m2/repository/org/slf4j/slf4j-api/2.0.17/slf4j-api-2.0.17.jar:/Users/bhumikaagarwal/.m2/repository/org/springframework/spring-aspects/6.2.9/spring-aspects-6.2.9.jar:/Users/bhumikaagarwal/.m2/repository/org/aspectj/aspectjweaver/1.9.24/aspectjweaver-1.9.24.jar:/Users/bhumikaagarwal/.m2/repository/org/springframework/boot/spring-boot-starter-security/3.4.8/spring-boot-starter-security-3.4.8.jar:/Users/bhumikaagarwal/.m2/repository/org/springframework/spring-aop/6.2.9/spring-aop-6.2.9.jar:/Users/bhumikaagarwal/.m2/repository/org/springframework/security/spring-security-config/6.4.8/spring-security-config-6.4.8.jar:/Users/bhumikaagarwal/.m2/repository/org/springframework/security/spring-security-web/6.4.8/spring-security-web-6.4.8.jar:/Users/bhumikaagarwal/.m2/repository/com/h2database/h2/2.3.232/h2-2.3.232.jar:/Users/bhumikaagarwal/.m2/repository/io/jsonwebtoken/jjwt-api/0.11.5/jjwt-api-0.11.5.jar:/Users/bhumikaagarwal/.m2/repository/io/jsonwebtoken/jjwt-impl/0.11.5/jjwt-impl-0.11.5.jar:/Users/bhumikaagarwal/.m2/repository/io/jsonwebtoken/jjwt-jackson/0.11.5/jjwt-jackson-0.11.5.jar:/Users/bhumikaagarwal/.m2/repository/com/fasterxml/jackson/core/jackson-databind/2.18.4/jackson-databind-2.18.4.jar:/Users/bhumikaagarwal/.m2/repository/com/fasterxml/jackson/core/jackson-annotations/2.18.4/jackson-annotations-2.18.4.jar:/Users/bhumikaagarwal/.m2/repository/com/fasterxml/jackson/core/jackson-core/2.18.4.1/jackson-core-2.18.4.1.jar:/Users/bhumikaagarwal/.m2/repository/org/springdoc/springdoc-openapi-starter-webmvc-ui/2.3.0/springdoc-openapi-starter-webmvc-ui-2.3.0.jar:/Users/bhumikaagarwal/.m2/repository/org/springdoc/springdoc-openapi-starter-webmvc-api/2.3.0/springdoc-openapi-starter-webmvc-api-2.3.0.jar:/Users/bhumikaagarwal/.m2/repository/org/springdoc/springdoc-openapi-starter-common/2.3.0/springdoc-openapi-starter-common-2.3.0.jar:/Users/bhumikaagarwal/.m2/repository/io/swagger/core/v3/swagger-core-jakarta/2.2.19/swagger-core-jakarta-2.2.19.jar:/Users/bhumikaagarwal/.m2/repository/org/apache/commons/commons-lang3/3.17.0/commons-lang3-3.17.0.jar:/Users/bhumikaagarwal/.m2/repository/io/swagger/core/v3/swagger-annotations-jakarta/2.2.19/swagger-annotations-jakarta-2.2.19.jar:/Users/bhumikaagarwal/.m2/repository/io/swagger/core/v3/swagger-models-jakarta/2.2.19/swagger-models-jakarta-2.2.19.jar:/Users/bhumikaagarwal/.m2/repository/jakarta/validation/jakarta.validation-api/3.0.2/jakarta.validation-api-3.0.2.jar:/Users/bhumikaagarwal/.m2/repository/com/fasterxml/jackson/dataformat/jackson-dataformat-yaml/2.18.4/jackson-dataformat-yaml-2.18.4.jar:/Users/bhumikaagarwal/.m2/repository/org/webjars/swagger-ui/5.10.3/swagger-ui-5.10.3.jar:/Users/bhumikaagarwal/.m2/repository/org/springframework/boot/spring-boot-starter-test/3.4.8/spring-boot-starter-test-3.4.8.jar:/Users/bhumikaagarwal/.m2/repository/org/springframework/boot/spring-boot-test/3.4.8/spring-boot-test-3.4.8.jar:/Users/bhumikaagarwal/.m2/repository/org/springframework/boot/spring-boot-test-autoconfigure/3.4.8/spring-boot-test-autoconfigure-3.4.8.jar:/Users/bhumikaagarwal/.m2/repository/com/jayway/jsonpath/json-path/2.9.0/json-path-2.9.0.jar:/Users/bhumikaagarwal/.m2/repository/jakarta/xml/bind/jakarta.xml.bind-api/4.0.2/jakarta.xml.bind-api-4.0.2.jar:/Users/bhumikaagarwal/.m2/repository/jakarta/activation/jakarta.activation-api/2.1.3/jakarta.activation-api-2.1.3.jar:/Users/bhumikaagarwal/.m2/repository/net/minidev/json-smart/2.5.2/json-smart-2.5.2.jar:/Users/bhumikaagarwal/.m2/repository/net/minidev/accessors-smart/2.5.2/accessors-smart-2.5.2.jar:/Users/bhumikaagarwal/.m2/repository/org/ow2/asm/asm/9.7.1/asm-9.7.1.jar:/Users/bhumikaagarwal/.m2/repository/org/assertj/assertj-core/3.26.3/assertj-core-3.26.3.jar:/Users/bhumikaagarwal/.m2/repository/org/awaitility/awaitility/4.2.2/awaitility-4.2.2.jar:/Users/bhumikaagarwal/.m2/repository/org/hamcrest/hamcrest/2.2/hamcrest-2.2.jar:/Users/bhumikaagarwal/.m2/repository/org/junit/jupiter/junit-jupiter/5.11.4/junit-jupiter-5.11.4.jar:/Users/bhumikaagarwal/.m2/repository/org/junit/jupiter/junit-jupiter-api/5.11.4/junit-jupiter-api-5.11.4.jar:/Users/bhumikaagarwal/.m2/repository/org/opentest4j/opentest4j/1.3.0/opentest4j-1.3.0.jar:/Users/bhumikaagarwal/.m2/repository/org/junit/platform/junit-platform-commons/1.11.4/junit-platform-commons-1.11.4.jar:/Users/bhumikaagarwal/.m2/repository/org/apiguardian/apiguardian-api/1.1.2/apiguardian-api-1.1.2.jar:/Users/bhumikaagarwal/.m2/repository/org/junit/jupiter/junit-jupiter-params/5.11.4/junit-jupiter-params-5.11.4.jar:/Users/bhumikaagarwal/.m2/repository/org/junit/jupiter/junit-jupiter-engine/5.11.4/junit-jupiter-engine-5.11.4.jar:/Users/bhumikaagarwal/.m2/repository/org/junit/platform/junit-platform-engine/1.11.4/junit-platform-engine-1.11.4.jar:/Users/bhumikaagarwal/.m2/repository/org/mockito/mockito-core/5.14.2/mockito-core-5.14.2.jar:/Users/bhumikaagarwal/.m2/repository/net/bytebuddy/byte-buddy-agent/1.15.11/byte-buddy-agent-1.15.11.jar:/Users/bhumikaagarwal/.m2/repository/org/objenesis/objenesis/3.3/objenesis-3.3.jar:/Users/bhumikaagarwal/.m2/repository/org/mockito/mockito-junit-jupiter/5.14.2/mockito-junit-jupiter-5.14.2.jar:/Users/bhumikaagarwal/.m2/repository/org/skyscreamer/jsonassert/1.5.3/jsonassert-1.5.3.jar:/Users/bhumikaagarwal/.m2/repository/com/vaadin/external/google/android-json/0.0.20131108.vaadin1/android-json-0.0.20131108.vaadin1.jar:/Users/bhumikaagarwal/.m2/repository/org/springframework/spring-core/6.2.9/spring-core-6.2.9.jar:/Users/bhumikaagarwal/.m2/repository/org/springframework/spring-jcl/6.2.9/spring-jcl-6.2.9.jar:/Users/bhumikaagarwal/.m2/repository/org/springframework/spring-test/6.2.9/spring-test-6.2.9.jar:/Users/bhumikaagarwal/.m2/repository/org/xmlunit/xmlunit-core/2.10.3/xmlunit-core-2.10.3.jar:/Users/bhumikaagarwal/.m2/repository/org/springframework/security/spring-security-test/6.4.8/spring-security-test-6.4.8.jar:/Users/bhumikaagarwal/.m2/repository/org/springframework/security/spring-security-core/6.4.8/spring-security-core-6.4.8.jar:/Users/bhumikaagarwal/.m2/repository/org/springframework/security/spring-security-crypto/6.4.8/spring-security-crypto-6.4.8.jar:"/>
    <property name="java.vm.vendor" value="Oracle Corporation"/>
    <property name="sun.arch.data.model" value="64"/>
    <property name="java.vendor.url" value="https://java.oracle.com/"/>
    <property name="user.timezone" value="Asia/Kolkata"/>
    <property name="org.jboss.logging.provider" value="slf4j"/>
    <property name="os.name" value="Mac OS X"/>
    <property name="java.vm.specification.version" value="17"/>
    <property name="APPLICATION_NAME" value="mediflow-insurance-claim-service"/>
    <property name="sun.java.launcher" value="SUN_STANDARD"/>
    <property name="user.country" value="US"/>
    <property name="sun.boot.library.path" value="/Library/Java/JavaVirtualMachines/jdk-17.jdk/Contents/Home/lib"/>
    <property name="sun.java.command" value="/Users/bhumikaagarwal/Personal/Workspace/PatientManagementSystem/hospital-management-system/insurance-claim-service/target/surefire/surefirebooter-20250807230531848_3.jar /Users/bhumikaagarwal/Personal/Workspace/PatientManagementSystem/hospital-management-system/insurance-claim-service/target/surefire 2025-08-07T23-05-31_819-jvmRun1 surefire-20250807230531848_1tmp surefire_0-20250807230531848_2tmp"/>
    <property name="http.nonProxyHosts" value="local|*.local|169.254/16|*.169.254/16"/>
    <property name="jdk.debug" value="release"/>
    <property name="surefire.test.class.path" value="/Users/bhumikaagarwal/Personal/Workspace/PatientManagementSystem/hospital-management-system/insurance-claim-service/target/test-classes:/Users/bhumikaagarwal/Personal/Workspace/PatientManagementSystem/hospital-management-system/insurance-claim-service/target/classes:/Users/bhumikaagarwal/.m2/repository/org/springframework/boot/spring-boot-starter-web/3.4.8/spring-boot-starter-web-3.4.8.jar:/Users/bhumikaagarwal/.m2/repository/org/springframework/boot/spring-boot-starter/3.4.8/spring-boot-starter-3.4.8.jar:/Users/bhumikaagarwal/.m2/repository/org/springframework/boot/spring-boot/3.4.8/spring-boot-3.4.8.jar:/Users/bhumikaagarwal/.m2/repository/org/springframework/boot/spring-boot-autoconfigure/3.4.8/spring-boot-autoconfigure-3.4.8.jar:/Users/bhumikaagarwal/.m2/repository/org/springframework/boot/spring-boot-starter-logging/3.4.8/spring-boot-starter-logging-3.4.8.jar:/Users/bhumikaagarwal/.m2/repository/ch/qos/logback/logback-classic/1.5.18/logback-classic-1.5.18.jar:/Users/bhumikaagarwal/.m2/repository/ch/qos/logback/logback-core/1.5.18/logback-core-1.5.18.jar:/Users/bhumikaagarwal/.m2/repository/org/apache/logging/log4j/log4j-to-slf4j/2.24.3/log4j-to-slf4j-2.24.3.jar:/Users/bhumikaagarwal/.m2/repository/org/apache/logging/log4j/log4j-api/2.24.3/log4j-api-2.24.3.jar:/Users/bhumikaagarwal/.m2/repository/org/slf4j/jul-to-slf4j/2.0.17/jul-to-slf4j-2.0.17.jar:/Users/bhumikaagarwal/.m2/repository/jakarta/annotation/jakarta.annotation-api/2.1.1/jakarta.annotation-api-2.1.1.jar:/Users/bhumikaagarwal/.m2/repository/org/yaml/snakeyaml/2.3/snakeyaml-2.3.jar:/Users/bhumikaagarwal/.m2/repository/org/springframework/boot/spring-boot-starter-json/3.4.8/spring-boot-starter-json-3.4.8.jar:/Users/bhumikaagarwal/.m2/repository/com/fasterxml/jackson/datatype/jackson-datatype-jdk8/2.18.4/jackson-datatype-jdk8-2.18.4.jar:/Users/bhumikaagarwal/.m2/repository/com/fasterxml/jackson/datatype/jackson-datatype-jsr310/2.18.4/jackson-datatype-jsr310-2.18.4.jar:/Users/bhumikaagarwal/.m2/repository/com/fasterxml/jackson/module/jackson-module-parameter-names/2.18.4/jackson-module-parameter-names-2.18.4.jar:/Users/bhumikaagarwal/.m2/repository/org/springframework/boot/spring-boot-starter-tomcat/3.4.8/spring-boot-starter-tomcat-3.4.8.jar:/Users/bhumikaagarwal/.m2/repository/org/apache/tomcat/embed/tomcat-embed-core/10.1.43/tomcat-embed-core-10.1.43.jar:/Users/bhumikaagarwal/.m2/repository/org/apache/tomcat/embed/tomcat-embed-el/10.1.43/tomcat-embed-el-10.1.43.jar:/Users/bhumikaagarwal/.m2/repository/org/apache/tomcat/embed/tomcat-embed-websocket/10.1.43/tomcat-embed-websocket-10.1.43.jar:/Users/bhumikaagarwal/.m2/repository/org/springframework/spring-web/6.2.9/spring-web-6.2.9.jar:/Users/bhumikaagarwal/.m2/repository/org/springframework/spring-beans/6.2.9/spring-beans-6.2.9.jar:/Users/bhumikaagarwal/.m2/repository/io/micrometer/micrometer-observation/1.14.9/micrometer-observation-1.14.9.jar:/Users/bhumikaagarwal/.m2/repository/io/micrometer/micrometer-commons/1.14.9/micrometer-commons-1.14.9.jar:/Users/bhumikaagarwal/.m2/repository/org/springframework/spring-webmvc/6.2.9/spring-webmvc-6.2.9.jar:/Users/bhumikaagarwal/.m2/repository/org/springframework/spring-context/6.2.9/spring-context-6.2.9.jar:/Users/bhumikaagarwal/.m2/repository/org/springframework/spring-expression/6.2.9/spring-expression-6.2.9.jar:/Users/bhumikaagarwal/.m2/repository/org/springframework/boot/spring-boot-starter-data-jpa/3.4.8/spring-boot-starter-data-jpa-3.4.8.jar:/Users/bhumikaagarwal/.m2/repository/org/springframework/boot/spring-boot-starter-jdbc/3.4.8/spring-boot-starter-jdbc-3.4.8.jar:/Users/bhumikaagarwal/.m2/repository/com/zaxxer/HikariCP/5.1.0/HikariCP-5.1.0.jar:/Users/bhumikaagarwal/.m2/repository/org/springframework/spring-jdbc/6.2.9/spring-jdbc-6.2.9.jar:/Users/bhumikaagarwal/.m2/repository/org/hibernate/orm/hibernate-core/6.6.22.Final/hibernate-core-6.6.22.Final.jar:/Users/bhumikaagarwal/.m2/repository/jakarta/persistence/jakarta.persistence-api/3.1.0/jakarta.persistence-api-3.1.0.jar:/Users/bhumikaagarwal/.m2/repository/jakarta/transaction/jakarta.transaction-api/2.0.1/jakarta.transaction-api-2.0.1.jar:/Users/bhumikaagarwal/.m2/repository/org/jboss/logging/jboss-logging/3.6.1.Final/jboss-logging-3.6.1.Final.jar:/Users/bhumikaagarwal/.m2/repository/org/hibernate/common/hibernate-commons-annotations/7.0.3.Final/hibernate-commons-annotations-7.0.3.Final.jar:/Users/bhumikaagarwal/.m2/repository/io/smallrye/jandex/3.2.0/jandex-3.2.0.jar:/Users/bhumikaagarwal/.m2/repository/com/fasterxml/classmate/1.7.0/classmate-1.7.0.jar:/Users/bhumikaagarwal/.m2/repository/net/bytebuddy/byte-buddy/1.15.11/byte-buddy-1.15.11.jar:/Users/bhumikaagarwal/.m2/repository/org/glassfish/jaxb/jaxb-runtime/4.0.5/jaxb-runtime-4.0.5.jar:/Users/bhumikaagarwal/.m2/repository/org/glassfish/jaxb/jaxb-core/4.0.5/jaxb-core-4.0.5.jar:/Users/bhumikaagarwal/.m2/repository/org/eclipse/angus/angus-activation/2.0.2/angus-activation-2.0.2.jar:/Users/bhumikaagarwal/.m2/repository/org/glassfish/jaxb/txw2/4.0.5/txw2-4.0.5.jar:/Users/bhumikaagarwal/.m2/repository/com/sun/istack/istack-commons-runtime/4.1.2/istack-commons-runtime-4.1.2.jar:/Users/bhumikaagarwal/.m2/repository/jakarta/inject/jakarta.inject-api/2.0.1/jakarta.inject-api-2.0.1.jar:/Users/bhumikaagarwal/.m2/repository/org/antlr/antlr4-runtime/4.13.0/antlr4-runtime-4.13.0.jar:/Users/bhumikaagarwal/.m2/repository/org/springframework/data/spring-data-jpa/3.4.8/spring-data-jpa-3.4.8.jar:/Users/bhumikaagarwal/.m2/repository/org/springframework/data/spring-data-commons/3.4.8/spring-data-commons-3.4.8.jar:/Users/bhumikaagarwal/.m2/repository/org/springframework/spring-orm/6.2.9/spring-orm-6.2.9.jar:/Users/bhumikaagarwal/.m2/repository/org/springframework/spring-tx/6.2.9/spring-tx-6.2.9.jar:/Users/bhumikaagarwal/.m2/repository/org/slf4j/slf4j-api/2.0.17/slf4j-api-2.0.17.jar:/Users/bhumikaagarwal/.m2/repository/org/springframework/spring-aspects/6.2.9/spring-aspects-6.2.9.jar:/Users/bhumikaagarwal/.m2/repository/org/aspectj/aspectjweaver/1.9.24/aspectjweaver-1.9.24.jar:/Users/bhumikaagarwal/.m2/repository/org/springframework/boot/spring-boot-starter-security/3.4.8/spring-boot-starter-security-3.4.8.jar:/Users/bhumikaagarwal/.m2/repository/org/springframework/spring-aop/6.2.9/spring-aop-6.2.9.jar:/Users/bhumikaagarwal/.m2/repository/org/springframework/security/spring-security-config/6.4.8/spring-security-config-6.4.8.jar:/Users/bhumikaagarwal/.m2/repository/org/springframework/security/spring-security-web/6.4.8/spring-security-web-6.4.8.jar:/Users/bhumikaagarwal/.m2/repository/com/h2database/h2/2.3.232/h2-2.3.232.jar:/Users/bhumikaagarwal/.m2/repository/io/jsonwebtoken/jjwt-api/0.11.5/jjwt-api-0.11.5.jar:/Users/bhumikaagarwal/.m2/repository/io/jsonwebtoken/jjwt-impl/0.11.5/jjwt-impl-0.11.5.jar:/Users/bhumikaagarwal/.m2/repository/io/jsonwebtoken/jjwt-jackson/0.11.5/jjwt-jackson-0.11.5.jar:/Users/bhumikaagarwal/.m2/repository/com/fasterxml/jackson/core/jackson-databind/2.18.4/jackson-databind-2.18.4.jar:/Users/bhumikaagarwal/.m2/repository/com/fasterxml/jackson/core/jackson-annotations/2.18.4/jackson-annotations-2.18.4.jar:/Users/bhumikaagarwal/.m2/repository/com/fasterxml/jackson/core/jackson-core/2.18.4.1/jackson-core-2.18.4.1.jar:/Users/bhumikaagarwal/.m2/repository/org/springdoc/springdoc-openapi-starter-webmvc-ui/2.3.0/springdoc-openapi-starter-webmvc-ui-2.3.0.jar:/Users/bhumikaagarwal/.m2/repository/org/springdoc/springdoc-openapi-starter-webmvc-api/2.3.0/springdoc-openapi-starter-webmvc-api-2.3.0.jar:/Users/bhumikaagarwal/.m2/repository/org/springdoc/springdoc-openapi-starter-common/2.3.0/springdoc-openapi-starter-common-2.3.0.jar:/Users/bhumikaagarwal/.m2/repository/io/swagger/core/v3/swagger-core-jakarta/2.2.19/swagger-core-jakarta-2.2.19.jar:/Users/bhumikaagarwal/.m2/repository/org/apache/commons/commons-lang3/3.17.0/commons-lang3-3.17.0.jar:/Users/bhumikaagarwal/.m2/repository/io/swagger/core/v3/swagger-annotations-jakarta/2.2.19/swagger-annotations-jakarta-2.2.19.jar:/Users/bhumikaagarwal/.m2/repository/io/swagger/core/v3/swagger-models-jakarta/2.2.19/swagger-models-jakarta-2.2.19.jar:/Users/bhumikaagarwal/.m2/repository/jakarta/validation/jakarta.validation-api/3.0.2/jakarta.validation-api-3.0.2.jar:/Users/bhumikaagarwal/.m2/repository/com/fasterxml/jackson/dataformat/jackson-dataformat-yaml/2.18.4/jackson-dataformat-yaml-2.18.4.jar:/Users/bhumikaagarwal/.m2/repository/org/webjars/swagger-ui/5.10.3/swagger-ui-5.10.3.jar:/Users/bhumikaagarwal/.m2/repository/org/springframework/boot/spring-boot-starter-test/3.4.8/spring-boot-starter-test-3.4.8.jar:/Users/bhumikaagarwal/.m2/repository/org/springframework/boot/spring-boot-test/3.4.8/spring-boot-test-3.4.8.jar:/Users/bhumikaagarwal/.m2/repository/org/springframework/boot/spring-boot-test-autoconfigure/3.4.8/spring-boot-test-autoconfigure-3.4.8.jar:/Users/bhumikaagarwal/.m2/repository/com/jayway/jsonpath/json-path/2.9.0/json-path-2.9.0.jar:/Users/bhumikaagarwal/.m2/repository/jakarta/xml/bind/jakarta.xml.bind-api/4.0.2/jakarta.xml.bind-api-4.0.2.jar:/Users/bhumikaagarwal/.m2/repository/jakarta/activation/jakarta.activation-api/2.1.3/jakarta.activation-api-2.1.3.jar:/Users/bhumikaagarwal/.m2/repository/net/minidev/json-smart/2.5.2/json-smart-2.5.2.jar:/Users/bhumikaagarwal/.m2/repository/net/minidev/accessors-smart/2.5.2/accessors-smart-2.5.2.jar:/Users/bhumikaagarwal/.m2/repository/org/ow2/asm/asm/9.7.1/asm-9.7.1.jar:/Users/bhumikaagarwal/.m2/repository/org/assertj/assertj-core/3.26.3/assertj-core-3.26.3.jar:/Users/bhumikaagarwal/.m2/repository/org/awaitility/awaitility/4.2.2/awaitility-4.2.2.jar:/Users/bhumikaagarwal/.m2/repository/org/hamcrest/hamcrest/2.2/hamcrest-2.2.jar:/Users/bhumikaagarwal/.m2/repository/org/junit/jupiter/junit-jupiter/5.11.4/junit-jupiter-5.11.4.jar:/Users/bhumikaagarwal/.m2/repository/org/junit/jupiter/junit-jupiter-api/5.11.4/junit-jupiter-api-5.11.4.jar:/Users/bhumikaagarwal/.m2/repository/org/opentest4j/opentest4j/1.3.0/opentest4j-1.3.0.jar:/Users/bhumikaagarwal/.m2/repository/org/junit/platform/junit-platform-commons/1.11.4/junit-platform-commons-1.11.4.jar:/Users/bhumikaagarwal/.m2/repository/org/apiguardian/apiguardian-api/1.1.2/apiguardian-api-1.1.2.jar:/Users/bhumikaagarwal/.m2/repository/org/junit/jupiter/junit-jupiter-params/5.11.4/junit-jupiter-params-5.11.4.jar:/Users/bhumikaagarwal/.m2/repository/org/junit/jupiter/junit-jupiter-engine/5.11.4/junit-jupiter-engine-5.11.4.jar:/Users/bhumikaagarwal/.m2/repository/org/junit/platform/junit-platform-engine/1.11.4/junit-platform-engine-1.11.4.jar:/Users/bhumikaagarwal/.m2/repository/org/mockito/mockito-core/5.14.2/mockito-core-5.14.2.jar:/Users/bhumikaagarwal/.m2/repository/net/bytebuddy/byte-buddy-agent/1.15.11/byte-buddy-agent-1.15.11.jar:/Users/bhumikaagarwal/.m2/repository/org/objenesis/objenesis/3.3/objenesis-3.3.jar:/Users/bhumikaagarwal/.m2/repository/org/mockito/mockito-junit-jupiter/5.14.2/mockito-junit-jupiter-5.14.2.jar:/Users/bhumikaagarwal/.m2/repository/org/skyscreamer/jsonassert/1.5.3/jsonassert-1.5.3.jar:/Users/bhumikaagarwal/.m2/repository/com/vaadin/external/google/android-json/0.0.20131108.vaadin1/android-json-0.0.20131108.vaadin1.jar:/Users/bhumikaagarwal/.m2/repository/org/springframework/spring-core/6.2.9/spring-core-6.2.9.jar:/Users/bhumikaagarwal/.m2/repository/org/springframework/spring-jcl/6.2.9/spring-jcl-6.2.9.jar:/Users/bhumikaagarwal/.m2/repository/org/springframework/spring-test/6.2.9/spring-test-6.2.9.jar:/Users/bhumikaagarwal/.m2/repository/org/xmlunit/xmlunit-core/2.10.3/xmlunit-core-2.10.3.jar:/Users/bhumikaagarwal/.m2/repository/org/springframework/security/spring-security-test/6.4.8/spring-security-test-6.4.8.jar:/Users/bhumikaagarwal/.m2/repository/org/springframework/security/spring-security-core/6.4.8/spring-security-core-6.4.8.jar:/Users/bhumikaagarwal/.m2/repository/org/springframework/security/spring-security-crypto/6.4.8/spring-security-crypto-6.4.8.jar:"/>
    <property name="sun.cpu.endian" value="little"/>
    <property name="user.home" value="/Users/bhumikaagarwal"/>
    <property name="user.language" value="en"/>
    <property name="java.specification.vendor" value="Oracle Corporation"/>
    <property name="java.version.date" value="2024-10-15"/>
    <property name="java.home" value="/Library/Java/JavaVirtualMachines/jdk-17.jdk/Contents/Home"/>
    <property name="file.separator" value="/"/>
    <property name="basedir" value="/Users/bhumikaagarwal/Personal/Workspace/PatientManagementSystem/hospital-management-system/insurance-claim-service"/>
    <property name="java.vm.compressedOopsMode" value="Zero based"/>
    <property name="line.separator" value="&#10;"/>
    <property name="java.vm.specification.vendor" value="Oracle Corporation"/>
    <property name="java.specification.name" value="Java Platform API Specification"/>
    <property name="FILE_LOG_CHARSET" value="UTF-8"/>
    <property name="java.awt.headless" value="true"/>
    <property name="surefire.real.class.path" value="/Users/bhumikaagarwal/Personal/Workspace/PatientManagementSystem/hospital-management-system/insurance-claim-service/target/surefire/surefirebooter-20250807230531848_3.jar"/>
    <property name="sun.management.compiler" value="HotSpot 64-Bit Tiered Compilers"/>
    <property name="ftp.nonProxyHosts" value="local|*.local|169.254/16|*.169.254/16"/>
    <property name="java.runtime.version" value="17.0.13+10-LTS-268"/>
    <property name="user.name" value="bhumikaagarwal"/>
    <property name="path.separator" value=":"/>
    <property name="os.version" value="15.6"/>
    <property name="java.runtime.name" value="Java(TM) SE Runtime Environment"/>
    <property name="file.encoding" value="UTF-8"/>
    <property name="java.vm.name" value="Java HotSpot(TM) 64-Bit Server VM"/>
    <property name="localRepository" value="/Users/bhumikaagarwal/.m2/repository"/>
    <property name="java.vendor.url.bug" value="https://bugreport.java.com/bugreport/"/>
    <property name="java.io.tmpdir" value="/var/folders/bx/x_lybsk150z39kfv6xwd01sc0000gn/T/"/>
    <property name="com.zaxxer.hikari.pool_number" value="1"/>
    <property name="java.version" value="17.0.13"/>
    <property name="user.dir" value="/Users/bhumikaagarwal/Personal/Workspace/PatientManagementSystem/hospital-management-system/insurance-claim-service"/>
    <property name="os.arch" value="aarch64"/>
    <property name="java.vm.specification.name" value="Java Virtual Machine Specification"/>
    <property name="PID" value="962"/>
    <property name="CONSOLE_LOG_CHARSET" value="UTF-8"/>
    <property name="native.encoding" value="UTF-8"/>
    <property name="java.library.path" value="/Users/bhumikaagarwal/Library/Java/Extensions:/Library/Java/Extensions:/Network/Library/Java/Extensions:/System/Library/Java/Extensions:/usr/lib/java:."/>
    <property name="java.vm.info" value="mixed mode, sharing"/>
    <property name="java.vendor" value="Oracle Corporation"/>
    <property name="java.vm.version" value="17.0.13+10-LTS-268"/>
    <property name="java.specification.maintenance.version" value="1"/>
    <property name="sun.io.unicode.encoding" value="UnicodeBig"/>
    <property name="socksNonProxyHosts" value="local|*.local|169.254/16|*.169.254/16"/>
    <property name="java.class.version" value="61.0"/>
    <property name="CONSOLE_LOG_PATTERN" value="%d{yyyy-MM-dd HH:mm:ss} - %msg%n"/>
    <property name="LOGGED_APPLICATION_NAME" value="[mediflow-insurance-claim-service] "/>
  </properties>
  <testcase name="getInsurerByPackageName_ShouldReturnInsurer_WhenValidPackageName" classname="com.hospital.insurance.service.InsuranceClaimServiceTest" time="0.172"/>
  <testcase name="getClaimsByStatus_ShouldReturnClaimsWithStatus" classname="com.hospital.insurance.service.InsuranceClaimServiceTest" time="0.002"/>
  <testcase name="getClaimByReferenceNumber_ShouldReturnClaim_WhenValidReferenceNumber" classname="com.hospital.insurance.service.InsuranceClaimServiceTest" time="0.002"/>
  <testcase name="getClaimByPatientId_ShouldReturnClaim_WhenValidPatientId" classname="com.hospital.insurance.service.InsuranceClaimServiceTest" time="0.002"/>
  <testcase name="updateClaimStatus_ShouldUpdateStatus" classname="com.hospital.insurance.service.InsuranceClaimServiceTest" time="0.008"/>
  <testcase name="getAllInsurerDetails_ShouldReturnAllActiveInsurers" classname="com.hospital.insurance.service.InsuranceClaimServiceTest" time="0.001"/>
  <testcase name="initiateClaim_ShouldThrowException_WhenInsurerNotFound" classname="com.hospital.insurance.service.InsuranceClaimServiceTest" time="0.002"/>
  <testcase name="initiateClaim_ShouldCreateClaimRequest_WhenValidInput" classname="com.hospital.insurance.service.InsuranceClaimServiceTest" time="0.001"/>
  <testcase name="getInsurerByPackageName_ShouldThrowException_WhenPackageNotFound" classname="com.hospital.insurance.service.InsuranceClaimServiceTest" time="0.001"/>
</testsuite>